app/build/outputs/mapping/release/seeds.txt
iefan.nostrnet.www.twa.DelegationService
iefan.nostrnet.www.twa.Application
iefan.nostrnet.www.twa.Application: Application()
iefan.nostrnet.www.twa.DelegationService: DelegationService()
iefan.nostrnet.www.twa.LauncherActivity
iefan.nostrnet.www.twa.LauncherActivity: LauncherActivity()
...
androidx.core.content.FileProvider: FileProvider()
androidx.core.content.FileProvider
androidx.core.app.RemoteActionCompatParcelizer: androidx.core.app.RemoteActionCompat read(androidx.versionedparcelable.VersionedParcel)
androidx.lifecycle.FullLifecycleObserverAdapter
android.support.v4.graphics.drawable.IconCompatParcelizer
androidx.core.graphics.drawable.IconCompatParcelizer: androidx.core.graphics.drawable.IconCompat read(androidx.versionedparcelable.VersionedParcel)
android.support.v4.graphics.drawable.IconCompatParcelizer: IconCompatParcelizer()
com.google.androidbrowserhelper.trusted.WebViewFallbackActivity: WebViewFallbackActivity()
android.support.v4.app.RemoteActionCompatParcelizer
androidx.core.app.CoreComponentFactory: CoreComponentFactory()
androidx.core.app.RemoteActionCompatParcelizer: void write(androidx.core.app.RemoteActionCompat,androidx.versionedparcelable.VersionedParcel)
androidx.core.graphics.drawable.IconCompat
androidx.browser.trusted.TrustedWebActivityService: TrustedWebActivityService()
androidx.core.app.RemoteActionCompatParcelizer
android.support.v4.app.RemoteActionCompatParcelizer: androidx.core.app.RemoteActionCompat read(androidx.versionedparcelable.VersionedParcel)
androidx.annotation.Keep
com.google.androidbrowserhelper.trusted.FocusActivity: FocusActivity()
androidx.lifecycle.ReflectiveGenericLifecycleObserver
androidx.core.app.RemoteActionCompatParcelizer: RemoteActionCompatParcelizer()
com.google.androidbrowserhelper.trusted.NotificationPermissionRequestActivity: NotificationPermissionRequestActivity()
androidx.browser.browseractions.BrowserActionsFallbackMenuView
com.google.androidbrowserhelper.trusted.LauncherActivity: LauncherActivity()
androidx.core.app.RemoteActionCompat
com.google.androidbrowserhelper.trusted.ManageDataLauncherActivity
android.support.v4.graphics.drawable.IconCompatParcelizer: androidx.core.graphics.drawable.IconCompat read(androidx.versionedparcelable.VersionedParcel)
androidx.versionedparcelable.ParcelImpl
androidx.core.graphics.drawable.IconCompatParcelizer: IconCompatParcelizer()
androidx.core.graphics.drawable.IconCompatParcelizer
androidx.lifecycle.CompositeGeneratedAdaptersObserver
android.support.v4.app.RemoteActionCompatParcelizer: void write(androidx.core.app.RemoteActionCompat,androidx.versionedparcelable.VersionedParcel)
androidx.browser.browseractions.BrowserActionsFallbackMenuView: BrowserActionsFallbackMenuView(android.content.Context,android.util.AttributeSet)
androidx.core.app.CoreComponentFactory
com.google.androidbrowserhelper.trusted.WebViewFallbackActivity
android.support.v4.graphics.drawable.IconCompatParcelizer: void write(androidx.core.graphics.drawable.IconCompat,androidx.versionedparcelable.VersionedParcel)
androidx.core.graphics.drawable.IconCompat: IconCompat()
androidx.core.graphics.drawable.IconCompatParcelizer: void write(androidx.core.graphics.drawable.IconCompat,androidx.versionedparcelable.VersionedParcel)
androidx.versionedparcelable.CustomVersionedParcelable: CustomVersionedParcelable()
com.google.androidbrowserhelper.trusted.ManageDataLauncherActivity: ManageDataLauncherActivity()
androidx.core.app.RemoteActionCompat: RemoteActionCompat()
com.google.androidbrowserhelper.trusted.NotificationPermissionRequestActivity
androidx.versionedparcelable.CustomVersionedParcelable
android.support.v4.app.RemoteActionCompatParcelizer: RemoteActionCompatParcelizer()
com.google.androidbrowserhelper.trusted.DelegationService: DelegationService()
androidx.lifecycle.SingleGeneratedAdapterObserver
androidx.versionedparcelable.ParcelImpl: android.os.Parcelable$Creator CREATOR
com.google.androidbrowserhelper.trusted.FocusActivity