app/build/outputs/mapping/release/mapping.txt
# compiler: R8
# compiler_version: 2.1.86
# min_api: 19
# pg_map_id: 575cf10
# common_typos_disable
iefan.nostrnet.www.twa.LauncherActivity -> iefan.nostrnet.www.twa.LauncherActivity:
    android.net.Uri getLaunchingUrl() -> g
...
com.google.androidbrowserhelper.trusted.ManageDataLauncherActivity$Connection -> com.google.androidbrowserhelper.trusted.ManageDataLauncherActivity$b:
    com.google.androidbrowserhelper.trusted.ManageDataLauncherActivity this$0 -> b
    void onCustomTabsServiceConnected(android.content.ComponentName,androidx.browser.customtabs.CustomTabsClient) -> a
com.google.androidbrowserhelper.trusted.ManageDataLauncherActivity$LegacyChromeConnection -> com.google.androidbrowserhelper.trusted.ManageDataLauncherActivity$c:
    androidx.browser.customtabs.CustomTabsCallback mCustomTabsCallback -> c
    androidx.browser.customtabs.CustomTabsSession mSession -> b
    com.google.androidbrowserhelper.trusted.ManageDataLauncherActivity this$0 -> d
    void onCustomTabsServiceConnected(android.content.ComponentName,androidx.browser.customtabs.CustomTabsClient) -> a
    androidx.browser.customtabs.CustomTabsSession access$300(com.google.androidbrowserhelper.trusted.ManageDataLauncherActivity$LegacyChromeConnection) -> c
com.google.androidbrowserhelper.trusted.ManageDataLauncherActivity$LegacyChromeConnection$1 -> com.google.androidbrowserhelper.trusted.ManageDataLauncherActivity$c$a:
    com.google.androidbrowserhelper.trusted.ManageDataLauncherActivity$LegacyChromeConnection this$1 -> a
    void onRelationshipValidationResult(int,android.net.Uri,boolean,android.os.Bundle) -> f
com.google.androidbrowserhelper.trusted.NotificationDelegationExtraCommandHandler -> com.google.androidbrowserhelper.trusted.p:
    android.os.Bundle handleExtraCommand(android.content.Context,java.lang.String,android.os.Bundle,androidx.browser.trusted.TrustedWebActivityCallbackRemote) -> a
com.google.androidbrowserhelper.trusted.NotificationPermissionRequestActivity -> com.google.androidbrowserhelper.trusted.NotificationPermissionRequestActivity:
    android.os.Messenger mMessenger -> b
    java.lang.String mChannelName -> a
    android.app.PendingIntent createPermissionRequestPendingIntent(android.content.Context,java.lang.String) -> a
    void sendPermissionMessage(android.os.Messenger,boolean) -> b
com.google.androidbrowserhelper.trusted.NotificationUtils -> com.google.androidbrowserhelper.trusted.q:
    boolean areNotificationsEnabled(android.content.Context,java.lang.String) -> a
    java.lang.String channelNameToId(java.lang.String) -> b
    void createNotificationChannel(android.content.Context,java.lang.String) -> c
com.google.androidbrowserhelper.trusted.PrefUtils -> com.google.androidbrowserhelper.trusted.r:
    android.content.SharedPreferences getAppSharedPreferences(android.content.Context) -> a
    boolean hasRequestedNotificationPermission(android.content.Context) -> b
    void setHasRequestedNotificationPermission(android.content.Context) -> c
com.google.androidbrowserhelper.trusted.QualityEnforcer -> com.google.androidbrowserhelper.trusted.s:
    com.google.androidbrowserhelper.trusted.QualityEnforcer$Delegate mDelegate -> a
    android.os.Bundle extraCallbackWithResult(java.lang.String,android.os.Bundle) -> b
    void lambda$new$0(java.lang.String) -> g
    void lambda$new$1(java.lang.String) -> h
com.google.androidbrowserhelper.trusted.QualityEnforcer$Delegate -> com.google.androidbrowserhelper.trusted.s$a:
    void crash(java.lang.String) -> a
com.google.androidbrowserhelper.trusted.SharedPreferencesTokenStore -> com.google.androidbrowserhelper.trusted.t:
    android.content.Context mContext -> a
    void store(androidx.browser.trusted.Token) -> a
    androidx.browser.trusted.Token load() -> b
com.google.androidbrowserhelper.trusted.SharingUtils -> com.google.androidbrowserhelper.trusted.u:
    boolean isShareIntent(android.content.Intent) -> a
    java.util.List parseAcceptedTypes(java.lang.Object) -> b
    java.util.List parseFiles(org.json.JSONArray) -> c
    androidx.browser.trusted.sharing.ShareTarget parseShareTargetJson(java.lang.String) -> d
    androidx.browser.trusted.sharing.ShareData retrieveShareDataFromIntent(android.content.Intent) -> e