app/build/outputs/mapping/release/usage.txt
iefan.nostrnet.www.twa.R$layout
iefan.nostrnet.www.twa.R$xml
iefan.nostrnet.www.twa.R$raw
iefan.nostrnet.www.twa.R$integer
iefan.nostrnet.www.twa.R
iefan.nostrnet.www.twa.BuildConfig
iefan.nostrnet.www.twa.R$style
iefan.nostrnet.www.twa.R$string
iefan.nostrnet.www.twa.R$color
iefan.nostrnet.www.twa.R$id
iefan.nostrnet.www.twa.R$styleable
iefan.nostrnet.www.twa.R$drawable
iefan.nostrnet.www.twa.R$dimen
iefan.nostrnet.www.twa.R$mipmap
iefan.nostrnet.www.twa.R$attr
iefan.nostrnet.www.twa.R$bool
...
androidx.core.graphics.ColorUtils
androidx.core.graphics.TypefaceCompatBaseImpl
androidx.core.view.ViewCompat$NestedScrollType
androidx.core.view.DragStartHelper
androidx.lifecycle.Lifecycle$State
androidx.core.content.res.ResourcesCompat
com.google.androidbrowserhelper.trusted.Utils:
    public void <init>()
com.google.androidbrowserhelper.R$id
androidx.annotation.IntDef
androidx.core.os.CancellationSignal$OnCancelListener
androidx.browser.R$string
androidx.versionedparcelable.VersionedParcel:
    private void writeCollection(java.util.Collection,int)
    private void writeCollection(java.util.Collection)
    private int getType(java.lang.Object)
    private void writeSerializable(java.io.Serializable)
    private int readExceptionCode()
    private java.lang.Exception readException(int,java.lang.String)
    protected static java.lang.Throwable getRootCause(java.lang.Throwable)
    private java.lang.Exception createException(int,java.lang.String)
    private java.util.Collection readCollection(java.util.Collection)
    protected abstract void writeByteArray(byte[],int,int)
    protected abstract void writeLong(long)
    protected abstract void writeFloat(float)
    protected abstract void writeDouble(double)
    protected abstract void writeStrongBinder(android.os.IBinder)
    protected abstract void writeStrongInterface(android.os.IInterface)
    protected abstract void writeBundle(android.os.Bundle)
    protected abstract long readLong()
    protected abstract float readFloat()
    protected abstract double readDouble()
    protected abstract android.os.IBinder readStrongBinder()
    protected abstract android.os.Bundle readBundle()
    public void writeStrongInterface(android.os.IInterface,int)
    public void writeBundle(android.os.Bundle,int)
    public void writeByteArray(byte[],int,int,int)
    public void writeLong(long,int)
    public void writeFloat(float,int)
    public void writeDouble(double,int)
androidx.core.provider.FontsContractCompat$3
androidx.core.view.ViewCompat$3
androidx.core.view.KeyEventDispatcher
androidx.core.net.DatagramSocketWrapper$DatagramSocketImplWrapper
androidx.core.text.TextDirectionHeuristicCompat
androidx.core.graphics.PathSegment
androidx.core.view.NestedScrollingChild3
androidx.core.app.SharedElementCallback
androidx.core.graphics.drawable.IconCompat$IconType
androidx.core.content.res.TypedArrayUtils
androidx.browser.trusted.TrustedWebActivityDisplayMode$ImmersiveMode:
    static androidx.browser.trusted.TrustedWebActivityDisplayMode fromBundle(android.os.Bundle)
    public boolean isSticky()
    public int layoutInDisplayCutoutMode()
    private static final int ID
    public static final java.lang.String KEY_STICKY
    public static final java.lang.String KEY_CUTOUT_MODE
android.support.v4.os.IResultReceiver
androidx.core.graphics.drawable.RoundedBitmapDrawable
androidx.browser.trusted.FutureUtils
android.support.v4.os.ResultReceiver
androidx.core.app.JobIntentService$JobWorkEnqueuer
com.google.androidbrowserhelper.trusted.ChromeLegacyUtils:
    private void <init>()
    private static final java.lang.String CHROME_LOCAL_BUILD_PACKAGE
    private static final java.lang.String CHROMIUM_LOCAL_BUILD_PACKAGE
    private static final java.lang.String CHROME_CANARY_PACKAGE
    private static final java.lang.String CHROME_DEV_PACKAGE
    private static final java.lang.String CHROME_STABLE_PACKAGE
    private static final java.lang.String CHROME_BETA_PACKAGE
    static final int VERSION_SUPPORTS_TRUSTED_WEB_ACTIVITIES
    private static final int VERSION_SUPPORTS_NO_PREWARM
    private static final int VERSION_SUPPORTS_CUSTOM_COLOR
    private static final int VERSION_SUPPORTS_SIMPLIFIED_MANAGE_DATA
androidx.core.graphics.drawable.RoundedBitmapDrawableFactory
androidx.core.content.pm.ShortcutManagerCompat
androidx.lifecycle.LifecycleRegistry
androidx.core.database.sqlite.SQLiteCursorCompat
androidx.browser.browseractions.BrowserActionsFallbackMenuUi$2
androidx.core.view.PointerIconCompat